{
  "stats": {
    "suites": 1,
    "tests": 1,
    "passes": 1,
    "pending": 0,
    "failures": 0,
    "start": "2026-04-07T08:23:05.404Z",
    "end": "2026-04-07T08:23:13.990Z",
    "duration": 8586,
    "testsRegistered": 1,
    "passPercent": 100,
    "pendingPercent": 0,
    "other": 0,
    "hasOther": false,
    "skipped": 0,
    "hasSkipped": false
  },
  "results": [
    {
      "uuid": "ab798a4e-033c-4475-a78b-7507e65d5ffd",
      "title": "",
      "fullFile": "cypress\\integration\\examples\\tableTesting.js",
      "file": "cypress\\integration\\examples\\tableTesting.js",
      "beforeHooks": [],
      "afterHooks": [],
      "tests": [],
      "suites": [
        {
          "uuid": "01075f07-bfa2-4820-9f3e-0625d21552f0",
          "title": "automating tables",
          "fullFile": "",
          "file": "",
          "beforeHooks": [],
          "afterHooks": [],
          "tests": [
            {
              "title": "chcking price of a purticular course",
              "fullTitle": "automating tables chcking price of a purticular course",
              "timedOut": null,
              "duration": 6932,
              "state": "passed",
              "speed": "medium",
              "pass": true,
              "fail": false,
              "pending": false,
              "context": null,
              "code": "cy.get(\".table-display tr td:nth-child(2)\").each(($el1, index, $list) => {\n  const courseText = $el1.text();\n  if (courseText.includes('python')) {\n    cy.get('.table-display tr td:nth-child(2)', {\n      timeout: 10000\n    }).eq(index).next().then(price => {\n      const priceText = price.text();\n      expect(priceText).to.equal('25');\n      cy.log('verifid');\n    });\n  }\n});",
              "err": {},
              "uuid": "b761f1f6-b46d-423d-a3ef-fc371088b1b5",
              "parentUUID": "01075f07-bfa2-4820-9f3e-0625d21552f0",
              "isHook": false,
              "skipped": false
            }
          ],
          "suites": [],
          "passes": [
            "b761f1f6-b46d-423d-a3ef-fc371088b1b5"
          ],
          "failures": [],
          "pending": [],
          "skipped": [],
          "duration": 6932,
          "root": false,
          "rootEmpty": false,
          "_timeout": 2000
        }
      ],
      "passes": [],
      "failures": [],
      "pending": [],
      "skipped": [],
      "duration": 0,
      "root": true,
      "rootEmpty": true,
      "_timeout": 2000
    }
  ],
  "meta": {
    "mocha": {
      "version": "7.2.0"
    },
    "mochawesome": {
      "options": {
        "quiet": false,
        "reportFilename": "mochawesome",
        "saveHtml": false,
        "saveJson": true,
        "consoleReporter": "spec",
        "useInlineDiffs": false,
        "code": true
      },
      "version": "7.1.4"
    },
    "marge": {
      "options": {
        "reportDir": "cypress/reports",
        "overwrite": false,
        "html": false,
        "json": true
      },
      "version": "6.3.2"
    }
  }
}