{
  "stats": {
    "suites": 1,
    "tests": 1,
    "passes": 1,
    "pending": 0,
    "failures": 0,
    "start": "2026-04-07T06:42:58.531Z",
    "end": "2026-04-07T06:43:06.288Z",
    "duration": 7757,
    "testsRegistered": 1,
    "passPercent": 100,
    "pendingPercent": 0,
    "other": 0,
    "hasOther": false,
    "skipped": 0,
    "hasSkipped": false
  },
  "results": [
    {
      "uuid": "8f4eec6f-4f99-4022-adf4-300b6d54301c",
      "title": "",
      "fullFile": "cypress\\integration\\examples\\mouseOver.js",
      "file": "cypress\\integration\\examples\\mouseOver.js",
      "beforeHooks": [],
      "afterHooks": [],
      "tests": [],
      "suites": [
        {
          "uuid": "58177278-d0f1-4e46-aefa-daa1f1b8a800",
          "title": "handling mousover",
          "fullFile": "",
          "file": "",
          "beforeHooks": [],
          "afterHooks": [],
          "tests": [
            {
              "title": "mouseover",
              "fullTitle": "handling mousover mouseover",
              "timedOut": null,
              "duration": 6362,
              "state": "passed",
              "speed": "medium",
              "pass": true,
              "fail": false,
              "pending": false,
              "context": null,
              "code": "cy.get('.mouse-hover-content').invoke('show');\ncy.contains('Top').click({\n  force: true\n});\ncy.url().should('include', 'top');\ncy.get('.mouse-hover-content').invoke('show'); //invok\ncy.contains('Reload').click({\n  force: true\n});\ncy.url().should('not.include', 'top');",
              "err": {},
              "uuid": "4f9ab0ea-cc73-4259-ad10-e3ab29982e04",
              "parentUUID": "58177278-d0f1-4e46-aefa-daa1f1b8a800",
              "isHook": false,
              "skipped": false
            }
          ],
          "suites": [],
          "passes": [
            "4f9ab0ea-cc73-4259-ad10-e3ab29982e04"
          ],
          "failures": [],
          "pending": [],
          "skipped": [],
          "duration": 6362,
          "root": false,
          "rootEmpty": false,
          "_timeout": 2000
        }
      ],
      "passes": [],
      "failures": [],
      "pending": [],
      "skipped": [],
      "duration": 0,
      "root": true,
      "rootEmpty": true,
      "_timeout": 2000
    }
  ],
  "meta": {
    "mocha": {
      "version": "7.2.0"
    },
    "mochawesome": {
      "options": {
        "quiet": false,
        "reportFilename": "mochawesome",
        "saveHtml": false,
        "saveJson": true,
        "consoleReporter": "spec",
        "useInlineDiffs": false,
        "code": true
      },
      "version": "7.1.4"
    },
    "marge": {
      "options": {
        "reportDir": "cypress/reports",
        "overwrite": false,
        "html": false,
        "json": true
      },
      "version": "6.3.2"
    }
  }
}