{
  "stats": {
    "suites": 1,
    "tests": 1,
    "passes": 1,
    "pending": 0,
    "failures": 0,
    "start": "2026-04-10T07:17:20.011Z",
    "end": "2026-04-10T07:17:32.041Z",
    "duration": 12030,
    "testsRegistered": 1,
    "passPercent": 100,
    "pendingPercent": 0,
    "other": 0,
    "hasOther": false,
    "skipped": 0,
    "hasSkipped": false
  },
  "results": [
    {
      "uuid": "4ee14075-6f0d-4a86-be0e-ad300b6b6a17",
      "title": "",
      "fullFile": "cypress\\integration\\examples\\greenCartTest.js",
      "file": "cypress\\integration\\examples\\greenCartTest.js",
      "beforeHooks": [],
      "afterHooks": [],
      "tests": [],
      "suites": [
        {
          "uuid": "8691c43c-97ae-4e19-aeef-63514a7dd6f1",
          "title": "GreenCart E2E test",
          "fullFile": "",
          "file": "",
          "beforeHooks": [],
          "afterHooks": [],
          "tests": [
            {
              "title": "adding item to cart",
              "fullTitle": "GreenCart E2E test adding item to cart",
              "timedOut": null,
              "duration": 10180,
              "state": "passed",
              "speed": "slow",
              "pass": true,
              "fail": false,
              "pending": false,
              "context": null,
              "code": "cy.get(\"input[type='search']\").type(\"ca\");\ncy.get(\".search-button\").click();\n//using parent child chaining\ncy.get(\".products\").as('productLocator'); //aliasing\ncy.get('@productLocator').find(\".product\").each(($e1, index, $list) => {\n  let testofProductName = $e1.find('h4.product-name').text();\n  if (testofProductName.includes('Carrot')) {\n    cy.wrap($e1).find('button').click();\n  }\n});\ncy.get('.cart-icon').click();\ncy.get('.cart-items').as('cartItems');\ncy.get('@cartItems').find('.cart-item:visible').should('have.length', 1);\ncy.get('@cartItems').find('.product-name').should('contain.text', 'Carrot');\ncy.get('.action-block:visible').find(\"button[type='button']\").click();\ncy.get('tbody tr:nth-child(1) td:nth-child(2)').should('contain.text', 'Carrot');\ncy.get('.promoCode').type('xyz');\ncy.get('.promoBtn').click();\ncy.wait(4000);\ncy.get('.promoInfo').should('contain.text', 'Invalid code');\ncy.contains(\"Place Order\").click();\ncy.get('.chkAgree').check().should('be.checked');\n//static dropdown\ncy.get('select').select(['Andorra']).should('have.value', 'Andorra');",
              "err": {},
              "uuid": "9c9f4f31-5484-42ad-b771-924189a18405",
              "parentUUID": "8691c43c-97ae-4e19-aeef-63514a7dd6f1",
              "isHook": false,
              "skipped": false
            }
          ],
          "suites": [],
          "passes": [
            "9c9f4f31-5484-42ad-b771-924189a18405"
          ],
          "failures": [],
          "pending": [],
          "skipped": [],
          "duration": 10180,
          "root": false,
          "rootEmpty": false,
          "_timeout": 2000
        }
      ],
      "passes": [],
      "failures": [],
      "pending": [],
      "skipped": [],
      "duration": 0,
      "root": true,
      "rootEmpty": true,
      "_timeout": 2000
    }
  ],
  "meta": {
    "mocha": {
      "version": "7.2.0"
    },
    "mochawesome": {
      "options": {
        "quiet": false,
        "reportFilename": "mochawesome",
        "saveHtml": false,
        "saveJson": true,
        "consoleReporter": "spec",
        "useInlineDiffs": false,
        "code": true
      },
      "version": "7.1.4"
    },
    "marge": {
      "options": {
        "reportDir": "cypress/reports",
        "overwrite": false,
        "html": false,
        "json": true
      },
      "version": "6.3.2"
    }
  }
}