{
  "stats": {
    "suites": 1,
    "tests": 1,
    "passes": 1,
    "pending": 0,
    "failures": 0,
    "start": "2026-04-07T08:03:07.780Z",
    "end": "2026-04-07T08:03:14.815Z",
    "duration": 7035,
    "testsRegistered": 1,
    "passPercent": 100,
    "pendingPercent": 0,
    "other": 0,
    "hasOther": false,
    "skipped": 0,
    "hasSkipped": false
  },
  "results": [
    {
      "uuid": "dd02a3b8-a1ed-4a2e-8cac-fb1b058843cb",
      "title": "",
      "fullFile": "cypress\\integration\\examples\\childWindows.js",
      "file": "cypress\\integration\\examples\\childWindows.js",
      "beforeHooks": [],
      "afterHooks": [],
      "tests": [],
      "suites": [
        {
          "uuid": "f1f17c15-99aa-47ff-8e6b-43c6025331d8",
          "title": "handling child window or a tab",
          "fullFile": "",
          "file": "",
          "beforeHooks": [],
          "afterHooks": [],
          "tests": [
            {
              "title": "automating child wildows",
              "fullTitle": "handling child window or a tab automating child wildows",
              "timedOut": null,
              "duration": 5218,
              "state": "passed",
              "speed": "medium",
              "pass": true,
              "fail": false,
              "pending": false,
              "context": null,
              "code": "cy.get('.blinkingText').then(ele => {\n  const url = ele.prop('href');\n  cy.log(url);\n  cy.origin(\"https://www.firefox.com/en-US/thanks/\", () => {\n    cy.log('into a child window');\n  });\n  // cy.visit(url)\n});\n//child window test goes here",
              "err": {},
              "uuid": "5c9ab8ba-0038-4a10-88ab-0d4867d8664f",
              "parentUUID": "f1f17c15-99aa-47ff-8e6b-43c6025331d8",
              "isHook": false,
              "skipped": false
            }
          ],
          "suites": [],
          "passes": [
            "5c9ab8ba-0038-4a10-88ab-0d4867d8664f"
          ],
          "failures": [],
          "pending": [],
          "skipped": [],
          "duration": 5218,
          "root": false,
          "rootEmpty": false,
          "_timeout": 2000
        }
      ],
      "passes": [],
      "failures": [],
      "pending": [],
      "skipped": [],
      "duration": 0,
      "root": true,
      "rootEmpty": true,
      "_timeout": 2000
    }
  ],
  "meta": {
    "mocha": {
      "version": "7.2.0"
    },
    "mochawesome": {
      "options": {
        "quiet": false,
        "reportFilename": "mochawesome",
        "saveHtml": false,
        "saveJson": true,
        "consoleReporter": "spec",
        "useInlineDiffs": false,
        "code": true
      },
      "version": "7.1.4"
    },
    "marge": {
      "options": {
        "reportDir": "cypress/reports",
        "overwrite": false,
        "html": false,
        "json": true
      },
      "version": "6.3.2"
    }
  }
}