{
  "stats": {
    "suites": 1,
    "tests": 1,
    "passes": 1,
    "pending": 0,
    "failures": 0,
    "start": "2026-04-10T07:16:10.839Z",
    "end": "2026-04-10T07:16:20.689Z",
    "duration": 9850,
    "testsRegistered": 1,
    "passPercent": 100,
    "pendingPercent": 0,
    "other": 0,
    "hasOther": false,
    "skipped": 0,
    "hasSkipped": false
  },
  "results": [
    {
      "uuid": "767e8515-e39a-4b80-9f4a-278df86a95ab",
      "title": "",
      "fullFile": "cypress\\integration\\examples\\childWindows.js",
      "file": "cypress\\integration\\examples\\childWindows.js",
      "beforeHooks": [],
      "afterHooks": [],
      "tests": [],
      "suites": [
        {
          "uuid": "1b6e9676-17d4-446d-8ba0-f26a6ad1249d",
          "title": "handling child window or a tab",
          "fullFile": "",
          "file": "",
          "beforeHooks": [],
          "afterHooks": [],
          "tests": [
            {
              "title": "automating child wildows",
              "fullTitle": "handling child window or a tab automating child wildows",
              "timedOut": null,
              "duration": 8033,
              "state": "passed",
              "speed": "medium",
              "pass": true,
              "fail": false,
              "pending": false,
              "context": null,
              "code": "cy.get('.blinkingText').then(ele => {\n  const url = ele.prop('href');\n  cy.log(url);\n  cy.origin(\"https://www.firefox.com/en-US/thanks/\", () => {\n    cy.log('into a child window');\n  });\n  // cy.visit(url)\n});\n//child window test goes here",
              "err": {},
              "uuid": "7c4c7aef-8916-47fb-8797-4f9d0566bdbf",
              "parentUUID": "1b6e9676-17d4-446d-8ba0-f26a6ad1249d",
              "isHook": false,
              "skipped": false
            }
          ],
          "suites": [],
          "passes": [
            "7c4c7aef-8916-47fb-8797-4f9d0566bdbf"
          ],
          "failures": [],
          "pending": [],
          "skipped": [],
          "duration": 8033,
          "root": false,
          "rootEmpty": false,
          "_timeout": 2000
        }
      ],
      "passes": [],
      "failures": [],
      "pending": [],
      "skipped": [],
      "duration": 0,
      "root": true,
      "rootEmpty": true,
      "_timeout": 2000
    }
  ],
  "meta": {
    "mocha": {
      "version": "7.2.0"
    },
    "mochawesome": {
      "options": {
        "quiet": false,
        "reportFilename": "mochawesome",
        "saveHtml": false,
        "saveJson": true,
        "consoleReporter": "spec",
        "useInlineDiffs": false,
        "code": true
      },
      "version": "7.1.4"
    },
    "marge": {
      "options": {
        "reportDir": "cypress/reports",
        "overwrite": false,
        "html": false,
        "json": true
      },
      "version": "6.3.2"
    }
  }
}