{
  "stats": {
    "suites": 1,
    "tests": 1,
    "passes": 1,
    "pending": 0,
    "failures": 0,
    "start": "2026-04-10T07:17:56.747Z",
    "end": "2026-04-10T07:18:05.306Z",
    "duration": 8559,
    "testsRegistered": 1,
    "passPercent": 100,
    "pendingPercent": 0,
    "other": 0,
    "hasOther": false,
    "skipped": 0,
    "hasSkipped": false
  },
  "results": [
    {
      "uuid": "636d17f1-42b7-424a-8b0d-3af32ec51143",
      "title": "",
      "fullFile": "cypress\\integration\\examples\\mouseOver.js",
      "file": "cypress\\integration\\examples\\mouseOver.js",
      "beforeHooks": [],
      "afterHooks": [],
      "tests": [],
      "suites": [
        {
          "uuid": "e6a43f86-2ee9-47b3-bbf2-cd74cb25ccf3",
          "title": "handling mousover",
          "fullFile": "",
          "file": "",
          "beforeHooks": [],
          "afterHooks": [],
          "tests": [
            {
              "title": "mouseover",
              "fullTitle": "handling mousover mouseover",
              "timedOut": null,
              "duration": 6945,
              "state": "passed",
              "speed": "medium",
              "pass": true,
              "fail": false,
              "pending": false,
              "context": null,
              "code": "cy.get('.mouse-hover-content').invoke('show');\ncy.contains('Top').click({\n  force: true\n});\ncy.url().should('include', 'top');\ncy.get('.mouse-hover-content').invoke('show'); //invok\ncy.contains('Reload').click({\n  force: true\n});\ncy.url().should('not.include', 'top');",
              "err": {},
              "uuid": "4051ef05-a233-4f69-9826-0fbb280980f7",
              "parentUUID": "e6a43f86-2ee9-47b3-bbf2-cd74cb25ccf3",
              "isHook": false,
              "skipped": false
            }
          ],
          "suites": [],
          "passes": [
            "4051ef05-a233-4f69-9826-0fbb280980f7"
          ],
          "failures": [],
          "pending": [],
          "skipped": [],
          "duration": 6945,
          "root": false,
          "rootEmpty": false,
          "_timeout": 2000
        }
      ],
      "passes": [],
      "failures": [],
      "pending": [],
      "skipped": [],
      "duration": 0,
      "root": true,
      "rootEmpty": true,
      "_timeout": 2000
    }
  ],
  "meta": {
    "mocha": {
      "version": "7.2.0"
    },
    "mochawesome": {
      "options": {
        "quiet": false,
        "reportFilename": "mochawesome",
        "saveHtml": false,
        "saveJson": true,
        "consoleReporter": "spec",
        "useInlineDiffs": false,
        "code": true
      },
      "version": "7.1.4"
    },
    "marge": {
      "options": {
        "reportDir": "cypress/reports",
        "overwrite": false,
        "html": false,
        "json": true
      },
      "version": "6.3.2"
    }
  }
}