{
  "stats": {
    "suites": 1,
    "tests": 1,
    "passes": 1,
    "pending": 0,
    "failures": 0,
    "start": "2026-04-10T07:34:39.387Z",
    "end": "2026-04-10T07:35:08.367Z",
    "duration": 28980,
    "testsRegistered": 1,
    "passPercent": 100,
    "pendingPercent": 0,
    "other": 0,
    "hasOther": false,
    "skipped": 0,
    "hasSkipped": false
  },
  "results": [
    {
      "uuid": "ccf661ae-6e21-4fc8-8cb2-04c0624f26b8",
      "title": "",
      "fullFile": "cypress\\integration\\examples\\eComAlltem.js",
      "file": "cypress\\integration\\examples\\eComAlltem.js",
      "beforeHooks": [],
      "afterHooks": [],
      "tests": [],
      "suites": [
        {
          "uuid": "e0f1f56c-bed9-426b-aff3-ca8dd2e5a982",
          "title": "end to end test of Ecommerce website",
          "fullFile": "",
          "file": "",
          "beforeHooks": [],
          "afterHooks": [],
          "tests": [
            {
              "title": "End to end Ec commerce functionality",
              "fullTitle": "end to end test of Ecommerce website End to end Ec commerce functionality",
              "timedOut": null,
              "duration": 26822,
              "state": "passed",
              "speed": "slow",
              "pass": true,
              "fail": false,
              "pending": false,
              "context": null,
              "code": "cy.get(\"#username\").type('rahulshettyacademy');\ncy.get(\"#password\").type('Learning@830$3mK2');\ncy.contains('label', 'Admin').click();\ncy.get('select').select('Student');\ncy.get('#terms').check();\ncy.get('#signInBtn').click();\ncy.wait(4000);\ncy.url().should('include', 'shop');\n//Verifing shop page\ncy.get('h1.my-4').should('have.text', 'Shop Name');\ncy.get('.card.h-100').find('.btn').each(($e1, index, $list) => {\n  cy.wrap($e1).click();\n});\ncy.get('.btn-primary').invoke('text').then(text => {\n  const number = text.match(/\\d+/)[0]; // extracts digits\n  cy.get('.btn-primary').click();\n  for (let i = 0; i < number; i++) {\n    cy.get('tbody tr').eq(i).find('.text-success').should('contain', 'In Stock');\n  }\n});\ncy.get(\".text-right\").invoke('text').then(text => {\n  const totalPrice = text.match(/\\d+/)[0];\n  if (totalPrice < 500000) {\n    cy.get(\".btn-success\").click();\n    cy.wait(2000);\n  }\n});\ncy.get(\".navbar-brand\").should('contain.text', 'ProtoCommerce Home');\ncy.get('#country').type('ind');\ncy.wait(7000);\ncy.get('.suggestions a').each($e1 => {\n  if ($e1.text() === 'India') {\n    cy.wrap($e1).click();\n  }\n});\ncy.get('#checkbox2').check({\n  force: true\n});\ncy.get('.btn-success').click();\ncy.get('.alert-success').should('include.text', 'Success');\n// prod card\n// cy.get('#exampleInputEmail1') //quantity",
              "err": {},
              "uuid": "63348b1a-64bd-4845-b4e4-b5effa7f75bd",
              "parentUUID": "e0f1f56c-bed9-426b-aff3-ca8dd2e5a982",
              "isHook": false,
              "skipped": false
            }
          ],
          "suites": [],
          "passes": [
            "63348b1a-64bd-4845-b4e4-b5effa7f75bd"
          ],
          "failures": [],
          "pending": [],
          "skipped": [],
          "duration": 26822,
          "root": false,
          "rootEmpty": false,
          "_timeout": 2000
        }
      ],
      "passes": [],
      "failures": [],
      "pending": [],
      "skipped": [],
      "duration": 0,
      "root": true,
      "rootEmpty": true,
      "_timeout": 2000
    }
  ],
  "meta": {
    "mocha": {
      "version": "7.2.0"
    },
    "mochawesome": {
      "options": {
        "quiet": false,
        "reportFilename": "mochawesome",
        "saveHtml": false,
        "saveJson": true,
        "consoleReporter": "spec",
        "useInlineDiffs": false,
        "code": true
      },
      "version": "7.1.4"
    },
    "marge": {
      "options": {
        "reportDir": "cypress/reports",
        "overwrite": false,
        "html": false,
        "json": true
      },
      "version": "6.3.2"
    }
  }
}