{
  "stats": {
    "suites": 1,
    "tests": 1,
    "passes": 1,
    "pending": 0,
    "failures": 0,
    "start": "2026-04-07T08:04:54.599Z",
    "end": "2026-04-07T08:05:05.100Z",
    "duration": 10501,
    "testsRegistered": 1,
    "passPercent": 100,
    "pendingPercent": 0,
    "other": 0,
    "hasOther": false,
    "skipped": 0,
    "hasSkipped": false
  },
  "results": [
    {
      "uuid": "7d46dffe-e601-41a6-ad34-a429a56524cc",
      "title": "",
      "fullFile": "cypress\\integration\\examples\\tableTesting.js",
      "file": "cypress\\integration\\examples\\tableTesting.js",
      "beforeHooks": [],
      "afterHooks": [],
      "tests": [],
      "suites": [
        {
          "uuid": "16f7613d-72e8-4f66-b790-9e1edcabb1ea",
          "title": "automating tables",
          "fullFile": "",
          "file": "",
          "beforeHooks": [],
          "afterHooks": [],
          "tests": [
            {
              "title": "chcking price of a purticular course",
              "fullTitle": "automating tables chcking price of a purticular course",
              "timedOut": null,
              "duration": 8363,
              "state": "passed",
              "speed": "medium",
              "pass": true,
              "fail": false,
              "pending": false,
              "context": null,
              "code": "cy.get(\".table-display tr td:nth-child(2)\").each(($el1, index, $list) => {\n  const courseText = $el1.text();\n  if (courseText.includes('python')) {\n    cy.get('.table-display tr td:nth-child(2)', {\n      timeout: 10000\n    }).eq(index).next().then(price => {\n      const priceText = price.text();\n      expect(priceText).to.equal('25');\n      cy.log('verifid');\n    });\n  }\n});",
              "err": {},
              "uuid": "c15ef3cf-5688-4e0c-8a60-47514ad6c022",
              "parentUUID": "16f7613d-72e8-4f66-b790-9e1edcabb1ea",
              "isHook": false,
              "skipped": false
            }
          ],
          "suites": [],
          "passes": [
            "c15ef3cf-5688-4e0c-8a60-47514ad6c022"
          ],
          "failures": [],
          "pending": [],
          "skipped": [],
          "duration": 8363,
          "root": false,
          "rootEmpty": false,
          "_timeout": 2000
        }
      ],
      "passes": [],
      "failures": [],
      "pending": [],
      "skipped": [],
      "duration": 0,
      "root": true,
      "rootEmpty": true,
      "_timeout": 2000
    }
  ],
  "meta": {
    "mocha": {
      "version": "7.2.0"
    },
    "mochawesome": {
      "options": {
        "quiet": false,
        "reportFilename": "mochawesome",
        "saveHtml": false,
        "saveJson": true,
        "consoleReporter": "spec",
        "useInlineDiffs": false,
        "code": true
      },
      "version": "7.1.4"
    },
    "marge": {
      "options": {
        "reportDir": "cypress/reports",
        "overwrite": false,
        "html": false,
        "json": true
      },
      "version": "6.3.2"
    }
  }
}