{
  "stats": {
    "suites": 1,
    "tests": 1,
    "passes": 1,
    "pending": 0,
    "failures": 0,
    "start": "2026-04-10T07:36:07.071Z",
    "end": "2026-04-10T07:36:22.583Z",
    "duration": 15512,
    "testsRegistered": 1,
    "passPercent": 100,
    "pendingPercent": 0,
    "other": 0,
    "hasOther": false,
    "skipped": 0,
    "hasSkipped": false
  },
  "results": [
    {
      "uuid": "3007fe7b-369d-41cc-b454-5be92dfaf2bb",
      "title": "",
      "fullFile": "cypress\\integration\\examples\\login.js",
      "file": "cypress\\integration\\examples\\login.js",
      "beforeHooks": [],
      "afterHooks": [],
      "tests": [],
      "suites": [
        {
          "uuid": "7b51e4b7-8ae8-43ab-9271-4fb448671d09",
          "title": "end to end test of Ecommerce website",
          "fullFile": "",
          "file": "",
          "beforeHooks": [],
          "afterHooks": [],
          "tests": [
            {
              "title": "End to end Ec commerce functionality",
              "fullTitle": "end to end test of Ecommerce website End to end Ec commerce functionality",
              "timedOut": null,
              "duration": 14017,
              "state": "passed",
              "speed": "slow",
              "pass": true,
              "fail": false,
              "pending": false,
              "context": null,
              "code": "cy.get(\"#username\").type('rahulshettyacademy');\ncy.get(\"#password\").type('Learning@830$3mK2');\ncy.contains('label', 'Admin').click();\ncy.get('select').select('Student');\ncy.get('#terms').check();\ncy.get('#signInBtn').click();\ncy.wait(4000);\ncy.url().should('include', 'shop'); // after switching next tab",
              "err": {},
              "uuid": "ddf5f326-b08d-4622-bac5-5da0ed658271",
              "parentUUID": "7b51e4b7-8ae8-43ab-9271-4fb448671d09",
              "isHook": false,
              "skipped": false
            }
          ],
          "suites": [],
          "passes": [
            "ddf5f326-b08d-4622-bac5-5da0ed658271"
          ],
          "failures": [],
          "pending": [],
          "skipped": [],
          "duration": 14017,
          "root": false,
          "rootEmpty": false,
          "_timeout": 2000
        }
      ],
      "passes": [],
      "failures": [],
      "pending": [],
      "skipped": [],
      "duration": 0,
      "root": true,
      "rootEmpty": true,
      "_timeout": 2000
    }
  ],
  "meta": {
    "mocha": {
      "version": "7.2.0"
    },
    "mochawesome": {
      "options": {
        "quiet": false,
        "reportFilename": "mochawesome",
        "saveHtml": false,
        "saveJson": true,
        "consoleReporter": "spec",
        "useInlineDiffs": false,
        "code": true
      },
      "version": "7.1.4"
    },
    "marge": {
      "options": {
        "reportDir": "cypress/reports",
        "overwrite": false,
        "html": false,
        "json": true
      },
      "version": "6.3.2"
    }
  }
}