{
  "stats": {
    "suites": 1,
    "tests": 1,
    "passes": 1,
    "pending": 0,
    "failures": 0,
    "start": "2026-04-26T13:05:03.059Z",
    "end": "2026-04-26T13:05:34.392Z",
    "duration": 31333,
    "testsRegistered": 1,
    "passPercent": 100,
    "pendingPercent": 0,
    "other": 0,
    "hasOther": false,
    "skipped": 0,
    "hasSkipped": false
  },
  "results": [
    {
      "uuid": "bb2de2fe-9d94-477e-a367-6e4a267b2a5d",
      "title": "",
      "fullFile": "cypress\\integration\\examples\\eComAlltem.js",
      "file": "cypress\\integration\\examples\\eComAlltem.js",
      "beforeHooks": [],
      "afterHooks": [],
      "tests": [],
      "suites": [
        {
          "uuid": "a0e7bfa0-3588-48d8-a7ec-8af853ff533c",
          "title": "end to end test of Ecommerce website",
          "fullFile": "",
          "file": "",
          "beforeHooks": [],
          "afterHooks": [],
          "tests": [
            {
              "title": "End to end Ec commerce functionality",
              "fullTitle": "end to end test of Ecommerce website End to end Ec commerce functionality",
              "timedOut": null,
              "duration": 28062,
              "state": "passed",
              "speed": "slow",
              "pass": true,
              "fail": false,
              "pending": false,
              "context": null,
              "code": "const homePage = new _HomePage.default();\nconst productPage = new _ProductPage.default();\nhomePage.goTo(this.data.url);\nhomePage.login(this.data.userName, this.data.password, this.data.role);\n//Verifing shop page\nproductPage.productUrl().should('include', this.data.shopUrl);\nproductPage.getShopName().should('have.text', this.data.shopName);\nproductPage.addProducts();\nproductPage.checkOutButton().invoke('text').then(text => {\n  const noOfItemInCart = text.match(/\\d+/)[0]; // extracts digits\n  expect(Number(noOfItemInCart)).to.be.lessThan(5);\n  productPage.checkOutButton().click();\n  for (let i = 0; i < Number(noOfItemInCart); i++) {\n    cy.get('tbody tr').eq(i).find('.text-success').should('contain', this.data.checkStock);\n  }\n});\ncy.get(\".text-right\").invoke('text').then(text => {\n  const totalPrice = text.match(/\\d+/)[0];\n  if (totalPrice < 500000) {\n    cy.get(\".btn-success\").click();\n  }\n});\ncy.get(\".navbar-brand\").should('contain.text', this.data.homePageName);\ncy.get('#country').type('ind');\ncy.get('.suggestions a').each($e1 => {\n  if ($e1.text() === this.data.country) {\n    cy.wrap($e1).click();\n  }\n});\ncy.get('#checkbox2').check({\n  force: true\n});\ncy.get('.btn-success').click({\n  force: true\n});\ncy.get('.alert-success').should('include.text', this.data.successMessage);\n// prod card\n// cy.get('#exampleInputEmail1') //quantity",
              "err": {},
              "uuid": "6688e500-ca4c-4d43-9002-3ac8ca17a72a",
              "parentUUID": "a0e7bfa0-3588-48d8-a7ec-8af853ff533c",
              "isHook": false,
              "skipped": false
            }
          ],
          "suites": [],
          "passes": [
            "6688e500-ca4c-4d43-9002-3ac8ca17a72a"
          ],
          "failures": [],
          "pending": [],
          "skipped": [],
          "duration": 28062,
          "root": false,
          "rootEmpty": false,
          "_timeout": 2000
        }
      ],
      "passes": [],
      "failures": [],
      "pending": [],
      "skipped": [],
      "duration": 0,
      "root": true,
      "rootEmpty": true,
      "_timeout": 2000
    }
  ],
  "meta": {
    "mocha": {
      "version": "7.2.0"
    },
    "mochawesome": {
      "options": {
        "quiet": false,
        "reportFilename": "mochawesome",
        "saveHtml": false,
        "saveJson": true,
        "consoleReporter": "spec",
        "useInlineDiffs": false,
        "code": true
      },
      "version": "7.1.4"
    },
    "marge": {
      "options": {
        "reportDir": "cypress/reports",
        "overwrite": false,
        "html": false,
        "json": true
      },
      "version": "6.3.2"
    }
  }
}