{
  "stats": {
    "suites": 1,
    "tests": 1,
    "passes": 1,
    "pending": 0,
    "failures": 0,
    "start": "2026-04-07T09:19:03.664Z",
    "end": "2026-04-07T09:19:09.699Z",
    "duration": 6035,
    "testsRegistered": 1,
    "passPercent": 100,
    "pendingPercent": 0,
    "other": 0,
    "hasOther": false,
    "skipped": 0,
    "hasSkipped": false
  },
  "results": [
    {
      "uuid": "e5f5efee-8704-438f-bc1f-625489b81c92",
      "title": "",
      "fullFile": "cypress\\integration\\examples\\dateCalender.js",
      "file": "cypress\\integration\\examples\\dateCalender.js",
      "beforeHooks": [],
      "afterHooks": [],
      "tests": [],
      "suites": [
        {
          "uuid": "ce331bd5-baae-4b3e-b1de-0dbe1f9998ae",
          "title": "handling calenders",
          "fullFile": "",
          "file": "",
          "beforeHooks": [],
          "afterHooks": [],
          "tests": [
            {
              "title": "date chooser from calender pop up",
              "fullTitle": "handling calenders date chooser from calender pop up",
              "timedOut": null,
              "duration": 3751,
              "state": "passed",
              "speed": "fast",
              "pass": true,
              "fail": false,
              "pending": false,
              "context": null,
              "code": "cy.get(\"a[href='#/offers']\").invoke('removeAttr', 'target').click();\ncy.get('.redLogo').should('contain', 'KART');\n//Picking up date\nconst year = 2025;\nconst month = 7;\nconst date = 25;\nconst expectedList = [month, date, year];\ncy.get(\".react-date-picker__calendar-button\").click();\ncy.get(\".react-calendar__navigation__label\").click();\ncy.get(\".react-calendar__navigation__label\").click();\ncy.contains(\"button\", year).click();\ncy.get(\".react-calendar__year-view__months__month\").eq(month - 1).click();\ncy.contains(\"button abbr\", date).click();\n//assertingDate\ncy.get(\".react-date-picker__inputGroup__input\").each(($el1, index, $list) => {\n  cy.wrap($el1).invoke('val').then(value => {\n    expect(value).be.equal(expectedList[index].toString());\n  });\n});",
              "err": {},
              "uuid": "c961e704-7548-47d8-9bb4-bd168daae69c",
              "parentUUID": "ce331bd5-baae-4b3e-b1de-0dbe1f9998ae",
              "isHook": false,
              "skipped": false
            }
          ],
          "suites": [],
          "passes": [
            "c961e704-7548-47d8-9bb4-bd168daae69c"
          ],
          "failures": [],
          "pending": [],
          "skipped": [],
          "duration": 3751,
          "root": false,
          "rootEmpty": false,
          "_timeout": 2000
        }
      ],
      "passes": [],
      "failures": [],
      "pending": [],
      "skipped": [],
      "duration": 0,
      "root": true,
      "rootEmpty": true,
      "_timeout": 2000
    }
  ],
  "meta": {
    "mocha": {
      "version": "7.2.0"
    },
    "mochawesome": {
      "options": {
        "quiet": false,
        "reportFilename": "mochawesome",
        "saveHtml": false,
        "saveJson": true,
        "consoleReporter": "spec",
        "useInlineDiffs": false,
        "code": true
      },
      "version": "7.1.4"
    },
    "marge": {
      "options": {
        "reportDir": "cypress/reports",
        "overwrite": false,
        "html": false,
        "json": true
      },
      "version": "6.3.2"
    }
  }
}