{
  "stats": {
    "suites": 1,
    "tests": 1,
    "passes": 1,
    "pending": 0,
    "failures": 0,
    "start": "2026-04-07T06:43:15.122Z",
    "end": "2026-04-07T06:43:21.396Z",
    "duration": 6274,
    "testsRegistered": 1,
    "passPercent": 100,
    "pendingPercent": 0,
    "other": 0,
    "hasOther": false,
    "skipped": 0,
    "hasSkipped": false
  },
  "results": [
    {
      "uuid": "367ca0ca-7ad3-471f-8dc1-ab97a7822106",
      "title": "",
      "fullFile": "cypress\\integration\\examples\\test1.js",
      "file": "cypress\\integration\\examples\\test1.js",
      "beforeHooks": [],
      "afterHooks": [],
      "tests": [],
      "suites": [
        {
          "uuid": "e4395eaa-c6f1-4b50-9694-ccab1061eb99",
          "title": "My first test suite",
          "fullFile": "",
          "file": "",
          "beforeHooks": [],
          "afterHooks": [],
          "tests": [
            {
              "title": "first test case",
              "fullTitle": "My first test suite first test case",
              "timedOut": null,
              "duration": 4077,
              "state": "passed",
              "speed": "fast",
              "pass": true,
              "fail": false,
              "pending": false,
              "context": null,
              "code": "cy.visit(\"https://rahulshettyacademy.com/seleniumPractise/#/\");\ncy.get(\"input[type='search']\").type(\"ca\");\ncy.get(\".search-button\").click();\n//using parent child chaining\ncy.get(\".products\").as('productLocator'); //aliasing\ncy.get(\"@productLocator\").find(\".product\").should('have.length', 4);\ncy.get('@productLocator').find(\".product\").each(($e1, index, $list) => {\n  let testofProductName = $e1.find('h4.product-name').text();\n  if (testofProductName.includes('Carrot')) {\n    cy.wrap($e1).find('button').click();\n  }\n});\ncy.get('.brand').should('have.text', 'GREENKART');\ncy.get('.brand').then(function (logoElement) {\n  logoElement.text();\n  cy.log(logoElement.text());\n});",
              "err": {},
              "uuid": "39096e20-283e-47e7-9a8c-96160bc0daa2",
              "parentUUID": "e4395eaa-c6f1-4b50-9694-ccab1061eb99",
              "isHook": false,
              "skipped": false
            }
          ],
          "suites": [],
          "passes": [
            "39096e20-283e-47e7-9a8c-96160bc0daa2"
          ],
          "failures": [],
          "pending": [],
          "skipped": [],
          "duration": 4077,
          "root": false,
          "rootEmpty": false,
          "_timeout": 2000
        }
      ],
      "passes": [],
      "failures": [],
      "pending": [],
      "skipped": [],
      "duration": 0,
      "root": true,
      "rootEmpty": true,
      "_timeout": 2000
    }
  ],
  "meta": {
    "mocha": {
      "version": "7.2.0"
    },
    "mochawesome": {
      "options": {
        "quiet": false,
        "reportFilename": "mochawesome",
        "saveHtml": false,
        "saveJson": true,
        "consoleReporter": "spec",
        "useInlineDiffs": false,
        "code": true
      },
      "version": "7.1.4"
    },
    "marge": {
      "options": {
        "reportDir": "cypress/reports",
        "overwrite": false,
        "html": false,
        "json": true
      },
      "version": "6.3.2"
    }
  }
}