{
  "stats": {
    "suites": 1,
    "tests": 1,
    "passes": 1,
    "pending": 0,
    "failures": 0,
    "start": "2026-04-26T04:25:29.864Z",
    "end": "2026-04-26T04:25:45.729Z",
    "duration": 15865,
    "testsRegistered": 1,
    "passPercent": 100,
    "pendingPercent": 0,
    "other": 0,
    "hasOther": false,
    "skipped": 0,
    "hasSkipped": false
  },
  "results": [
    {
      "uuid": "61c2c5d1-531c-48b7-86af-4a2aba453025",
      "title": "",
      "fullFile": "cypress\\integration\\examples\\iframe.js",
      "file": "cypress\\integration\\examples\\iframe.js",
      "beforeHooks": [],
      "afterHooks": [],
      "tests": [],
      "suites": [
        {
          "uuid": "b91a6d66-fc3c-448c-bcf3-ad48336eefd3",
          "title": "Handling Iframes",
          "fullFile": "",
          "file": "",
          "beforeHooks": [],
          "afterHooks": [],
          "tests": [
            {
              "title": "handling iframe within an page",
              "fullTitle": "Handling Iframes handling iframe within an page",
              "timedOut": null,
              "duration": 11021,
              "state": "passed",
              "speed": "slow",
              "pass": true,
              "fail": false,
              "pending": false,
              "context": null,
              "code": "cy.get('#courses-iframe').then($iframe => {\n  const iframeUrl = $iframe.prop('src');\n  const url = new URL(iframeUrl);\n  const origin = url.origin;\n  const path = url.pathname;\n  cy.origin(origin, {\n    args: {\n      path\n    }\n  }, ({\n    path\n  }) => {\n    cy.visit(path);\n    cy.get(\"a[href='mentorship']\").eq(0).click();\n  });\n});\n// cy.iframe().find(\"a[href='mentorship']\").eq(0).click();",
              "err": {},
              "uuid": "f046b906-c3e7-44d0-82bb-8bac3c569caa",
              "parentUUID": "b91a6d66-fc3c-448c-bcf3-ad48336eefd3",
              "isHook": false,
              "skipped": false
            }
          ],
          "suites": [],
          "passes": [
            "f046b906-c3e7-44d0-82bb-8bac3c569caa"
          ],
          "failures": [],
          "pending": [],
          "skipped": [],
          "duration": 11021,
          "root": false,
          "rootEmpty": false,
          "_timeout": 2000
        }
      ],
      "passes": [],
      "failures": [],
      "pending": [],
      "skipped": [],
      "duration": 0,
      "root": true,
      "rootEmpty": true,
      "_timeout": 2000
    }
  ],
  "meta": {
    "mocha": {
      "version": "7.2.0"
    },
    "mochawesome": {
      "options": {
        "quiet": false,
        "reportFilename": "mochawesome",
        "saveHtml": false,
        "saveJson": true,
        "consoleReporter": "spec",
        "useInlineDiffs": false,
        "code": true
      },
      "version": "7.1.4"
    },
    "marge": {
      "options": {
        "reportDir": "cypress/reports",
        "overwrite": false,
        "html": false,
        "json": true
      },
      "version": "6.3.2"
    }
  }
}